
========= Translating Resources ========
/Users/henrique/Documents/CloverBootloader-Hackintosh-and-Beyond/toolchain/bin
Updating 'en' strings file for CloverUpdater... done
Updating 'en' strings file for Clover Preference Panel... done
Updating strings file for Clover Preference Panel... done
 (209 entries)
Discard ../sym/Resources/Clover/Resources/es.lproj/Localizable.strings (92 of 133 strings; only 69.17% translated; need 74%).
Discard ../sym/Resources/Clover/Resources/hr.lproj/Localizable.strings (92 of 133 strings; only 69.17% translated; need 74%).
Discard ../sym/Resources/Clover/Resources/ja.lproj/Localizable.strings (92 of 133 strings; only 69.17% translated; need 74%).
Discard ../sym/Resources/Clover/Resources/lv.lproj/Localizable.strings (92 of 133 strings; only 69.17% translated; need 74%).
Discard ../sym/Resources/Clover/Resources/pl.lproj/Localizable.strings (92 of 133 strings; only 69.17% translated; need 74%).
Discard ../sym/Resources/Clover/Resources/pt-BR.lproj/Localizable.strings (92 of 133 strings; only 69.17% translated; need 74%).
Discard ../sym/Resources/Clover/Resources/tr.lproj/Localizable.strings (92 of 133 strings; only 69.17% translated; need 74%).
Discard ../sym/Resources/Clover/Resources/uk.lproj/Localizable.strings (92 of 133 strings; only 69.17% translated; need 74%).
Discard ../sym/Resources/Clover/Resources/uk_UA.lproj/Localizable.strings (92 of 133 strings; only 69.17% translated; need 74%).
Discard ../sym/Resources/Clover/Resources/vi.lproj/Localizable.strings (92 of 133 strings; only 69.17% translated; need 74%).
Discard ../sym/Resources/Clover/Resources/zh_TW.lproj/Localizable.strings (92 of 133 strings; only 69.17% translated; need 74%).
================= Making all in boot1-install =================
	[XCODE] boot1-install
================= Making all in partutil =================
	[XCODE] partutil
================= Making all in bdmesg =================
	[XCODE] bdmesg
================= Making all in nvram =================
	[CLANG] nvram2

[36;01m  -------------------------------[39;49;00m
[36;01m  Building Clover Install Package[39;49;00m
[36;01m  -------------------------------[39;49;00m

====================== Preinstall ======================
	[BUILD] Pre
===================== Installation =====================
	[BUILD] UEFI.only
================== Target ESP ==========================
	[BUILD] Target.ESP
=================== BiosBoot ===========================
	[BUILD] BiosBoot
===================== Utils ============================
	[BUILD] Utils
===================== EFI folder =======================
	[BUILD] EFIFolder
===================== off drivers ======================
	[BUILD] off
===================== BootLoaders ======================
	[BUILD] AltBoot
	[BUILD] bootNo
	[BUILD] boot0af
	[BUILD] boot0ss
====================== CloverEFI =======================
	[BUILD] cloverEFI.64.sata
	[BUILD] cloverEFI.64.blockio
================= drivers64 mandatory ==================
	[BUILD] EnglishDxe
	[BUILD] XhciDxe
===================== drivers64 ========================
=============== drivers64 FileSystem ===================
	[BUILD] ApfsDriverLoader
	[BUILD] FSInject
	[BUILD] GrubEXFAT
	[BUILD] GrubISO9660
	[BUILD] GrubNTFS
	[BUILD] GrubUDF
	[BUILD] GrubUFS
	[BUILD] GrubUFS2
=============== drivers64 FileVault2 ===================
=============== drivers64 UEFI mandatory ===============
	[BUILD] EnglishDxe.UEFI
=================== drivers64 UEFI =====================
============= drivers64 UEFI HID ========================
	[BUILD] AptioInputFix.UEFI
	[BUILD] Ps2MouseDxe.UEFI
	[BUILD] UsbKbDxe.UEFI
	[BUILD] UsbMouseDxe.UEFI
============= drivers64 UEFI FileSystem =================
	[BUILD] ApfsDriverLoader.UEFI
	[BUILD] Ext4Dxe.UEFI
	[BUILD] Fat.UEFI
	[BUILD] VBoxExt2.UEFI
	[BUILD] VBoxHfs.UEFI
	[BUILD] VBoxIso9600.UEFI
============= drivers64 UEFI MemoryFix =================
	[BUILD] OpenRuntime.UEFI
============= drivers64 UEFI FileVault2 ================
	[BUILD] AppleKeyFeeder.UEFI
	[BUILD] HashServiceFix.UEFI
============= drivers64 UEFI Other ======================
	[BUILD] AudioDxe.UEFI
	[BUILD] CsmVideoDxe.UEFI
	[BUILD] EmuVariableUefi.UEFI
	[BUILD] NvmExpressDxe.UEFI
	[BUILD] OsxFatBinaryDrv.UEFI
	[BUILD] PartitionDxe.UEFI
===================== RC Scripts =======================
	[BUILD] rc.scripts.on.target
	[BUILD] rc.scripts.on.all.volumes
	[BUILD] rc.scripts.core
================= Optional RC Scripts ==================
	[BUILD] disable_sleep_proxy_client
======================== Themes ========================
	[BUILD] Purple_Swirl
	[BUILD] Glass
	[BUILD] Clovy
	[BUILD] BGM
	[BUILD] cesium
===================== BootLoaderChooser =====================
	[BUILD] BootLoaderChooser
================= Post =================
	[BUILD] Post

[32;01m --------------------------[39;49;00m
[32;01m Building process complete![39;49;00m
[32;01m --------------------------[39;49;00m

[32;01m Build info.
[32;01m ===========
[34;01m  Package name: [39;49;00mClover_r5166.pkg
[34;01m  MD5:          [39;49;00ma050a5ad7e874007b99b4d51da11f891
[34;01m  Revision:     [39;49;00m5166
[34;01m  Stage:        [39;49;00m
[34;01m  Date/Time:    [39;49;00m2026-01-09 22:50:26
[34;01m  Built by:     [39;49;00mhenrique
[34;01m  Copyright     [39;49;00m2012-2026

total 17488
drwxr-xr-x   8 henrique  staff      256 Jan  9 22:52 .
drwxr-xr-x  17 henrique  staff      544 Jan  9 22:52 ..
-rw-r--r--@  1 henrique  staff  7293279 Jan  9 22:52 Clover_r5166.pkg
-rw-r--r--   1 henrique  staff       62 Jan  9 22:52 Clover_r5166.pkg.md5
drwxr-xr-x   3 henrique  staff       96 Jan  9 22:52 Resources
drwxr-xr-x   5 henrique  staff      160 Jan  9 22:52 build
drwxr-xr-x   3 henrique  staff       96 Jan  9 22:52 package
drwxr-xr-x   6 henrique  staff      192 Jan  9 22:52 utils
