c:\tiano\edk2\mdepkg\library\baselib\x86fxsave.c(47) : warning C6305: Potential mismatch between sizeof and countof quantities. Use sizeof() to scale byte sizes.: Lines: 42, 47
c:\tiano\edk2\mdemodulepkg\library\uefihiilib\hiilib.c(98) : warning C6011: Dereferencing NULL pointer 'HiiPackageList'. : Lines: 68, 69, 70, 78, 79, 81, 84, 90, 98
c:\tiano\edk2\clover\osxdxeipl\legacytable.c(42) : warning C6011: Dereferencing NULL pointer 'Address'. : Lines: 35, 36, 41, 42, 41, 42
c:\tiano\edk2\clover\osxdxeipl\legacytable.c(71) : warning C6011: Dereferencing NULL pointer 'Address'. : Lines: 65, 70, 71, 70, 71
c:\tiano\edk2\clover\osxdxeipl\legacytable.c(90) : warning C6011: Dereferencing NULL pointer 'Address'. : Lines: 83, 84, 89, 90, 89, 90
c:\tiano\edk2\clover\osxdxecore\image\image.c(156) : warning C28182: Dereferencing NULL pointer. 'DxeCoreHob.MemoryAllocationModule' contains the same NULL value as 'DxeCoreHob.Raw=GetNextHob(2, DxeCoreHob.Raw)' did. : Lines: 134, 135, 136, 137, 138, 139, 144, 145, 156
c:\tiano\edk2\clover\osxdxecore\image\image.c(288) : warning C6297: Arithmetic overflow:  32-bit value is shifted, then cast to 64-bit value.  Results might not be an expected value.
c:\tiano\edk2\clover\osxdxecore\gcd\gcd.c(598) : warning C28182: Dereferencing NULL pointer. 'Link' contains the same NULL value as '*StartLink' did. : Lines: 577, 578, 582, 583, 585, 586, 587, 588, 589, 591, 598
c:\tiano\edk2\clover\osxdxecore\gcd\gcd.c(1097) : warning C6011: Dereferencing NULL pointer 'Map'. : Lines: 999, 1000, 1001, 1002, 1003, 1004, 1005, 1006, 1007, 1008, 1009, 1010, 1015, 1019, 1023, 1027, 1031, 1035, 1039, 1044, 1045, 1048, 1055, 1056, 1057, 1061, 1063, 1097
c:\tiano\edk2\clover\osxdxecore\gcd\gcd.c(2013) : warning C6297: Arithmetic overflow:  32-bit value is shifted, then cast to 64-bit value.  Results might not be an expected value.
c:\tiano\edk2\clover\osxdxecore\mem\page.c(454) : warning C6297: Arithmetic overflow:  32-bit value is shifted, then cast to 64-bit value.  Results might not be an expected value.
c:\tiano\edk2\clover\osxdxecore\mem\page.c(455) : warning C6297: Arithmetic overflow:  32-bit value is shifted, then cast to 64-bit value.  Results might not be an expected value.
c:\tiano\edk2\clover\osxdxecore\mem\page.c(733) : warning C6011: Dereferencing NULL pointer 'Entry'. : Lines: 684, 685, 686, 687, 688, 689, 691, 692, 693, 700, 708, 713, 714, 716, 713, 714, 716, 713, 721, 730, 733, 742, 750, 751, 761, 774, 781, 786, 822, 827, 828, 829, 835, 836, 843, 848, 708, 713, 721, 730, 733
c:\tiano\edk2\clover\osxdxecore\mem\page.c(1288) : warning C6297: Arithmetic overflow:  32-bit value is shifted, then cast to 64-bit value.  Results might not be an expected value.
c:\tiano\edk2\clover\osxdxecore\mem\page.c(1303) : warning C6297: Arithmetic overflow:  32-bit value is shifted, then cast to 64-bit value.  Results might not be an expected value.
c:\tiano\edk2\clover\osxdxecore\fwvol\fwvolread.c(168) : warning C28182: Dereferencing NULL pointer. 'FfsFileEntry' contains the same NULL value as '*KeyValue' did. : Lines: 117, 118, 119, 120, 121, 122, 123, 125, 127, 128, 135, 139, 146, 147, 148, 152, 160, 167, 168, 173, 175, 182, 189, 147, 148, 152, 160, 167, 168
c:\tiano\edk2\mdemodulepkg\universal\variable\emuruntimedxe\emuvariable.c(159) : warning C6268: Incorrect order of operations: (<TYPE1>)(<TYPE2>)x + y.  Parentheses in (<TYPE1>)((<TYPE2>)x + y) might be missing.
c:\tiano\edk2\clover\consplitterdxe\consplitter.c(2181) : warning C6305: Potential mismatch between sizeof and countof quantities. Use sizeof() to scale byte sizes.: Lines: 2130, 2131, 2132, 2133, 2134, 2135, 2136, 2138, 2139, 2140, 2145, 2146, 2150, 2151, 2169, 2171, 2172, 2173, 2178, 2179, 2180, 2181
c:\tiano\edk2\clover\consplitterdxe\consplitter.c(2181) : warning C6305: Potential mismatch between sizeof and countof quantities. Use sizeof() to scale byte sizes.: Lines: 2130, 2131, 2132, 2133, 2134, 2135, 2136, 2138, 2139, 2140, 2145, 2146, 2150, 2151, 2169, 2171, 2172, 2173, 2178, 2179, 2180, 2181, 2182, 2178, 2179, 2180, 2181
c:\tiano\edk2\clover\consplitterdxe\consplitter.c(2180) : warning C6305: Potential mismatch between sizeof and countof quantities. Use sizeof() to scale byte sizes.: Lines: 2130, 2131, 2132, 2133, 2134, 2135, 2136, 2138, 2139, 2140, 2145, 2146, 2150, 2151, 2169, 2171, 2172, 2173, 2178, 2179, 2180
c:\tiano\edk2\clover\consplitterdxe\consplitter.c(2180) : warning C6305: Potential mismatch between sizeof and countof quantities. Use sizeof() to scale byte sizes.: Lines: 2130, 2131, 2132, 2133, 2134, 2135, 2136, 2138, 2139, 2140, 2145, 2146, 2150, 2151, 2169, 2171, 2172, 2173, 2178, 2179, 2180, 2181, 2182, 2178, 2179, 2180
c:\tiano\edk2\mdemodulepkg\universal\setupbrowserdxe\setup.c(3840) : warning C6011: Dereferencing NULL pointer 'HiiPackageList'. : Lines: 3790, 3791, 3792, 3793, 3794, 3795, 3796, 3797, 3798, 3799, 3800, 3801, 3802, 3803, 3805, 3806, 3807, 3812, 3815, 3821, 3822, 3823, 3824, 3830, 3838, 3839, 3840
c:\tiano\edk2\mdemodulepkg\universal\setupbrowserdxe\setup.c(3911) : warning C6011: Dereferencing NULL pointer 'OpCodeData'. : Lines: 3790, 3791, 3792, 3793, 3794, 3795, 3796, 3797, 3798, 3799, 3800, 3801, 3802, 3803, 3805, 3806, 3807, 3812, 3815, 3821, 3822, 3823, 3824, 3830, 3838, 3839, 3840, 3842, 3843, 3844, 3845, 3847, 3896, 3843, 3899, 3907, 3911
c:\tiano\edk2\mdemodulepkg\universal\setupbrowserdxe\inputhandler.c(685) : warning C6386: Buffer overrun while writing to 'FormattedNumber':  the writable size is '44' bytes, but '-2' bytes might be written.: Lines: 358, 359, 360, 361, 362, 363, 364, 365, 366, 367, 368, 369, 370, 371, 372, 373, 374, 375, 376, 377, 378, 379, 380, 382, 383, 384, 385, 386, 387, 389, 390, 391, 392, 393, 394, 395, 401, 403, 406, 412, 413, 414, 460, 490, 491, 492, 497, 501, 507, 601, 602, 603, 604, 605, 610, 611, 623, 624, 625, 626, 627, 637, 638, 639, 641, 644, 656, 657, 677, 688, 689, 692, 693, 696, 698, 703, 705, 706, 710, 726, 728, 732, 733, 893, 601, 602, 608, 610, 611, 623, 624, 625, 626, 627, 637, 638, 639, 641, 644, 656, 657, 677, 678, 680, 683, 685
c:\tiano\edk2\mdemodulepkg\universal\devicepathdxe\devicepathtotext.c(2051) : warning C6011: Dereferencing NULL pointer 'DumpNode'. : Lines: 2002, 2003, 2004, 2005, 2006, 2008, 2012, 2017, 2018, 2022, 2023, 2025, 2023, 2025, 2028, 2035, 2041, 2047, 2051, 2052, 2057, 2018, 2022, 2023, 2035, 2036, 2041, 2042, 2047, 2051
c:\tiano\edk2\clover\osxefildr\peloader.c(531) : warning C6297: Arithmetic overflow:  32-bit value is shifted, then cast to 64-bit value.  Results might not be an expected value.
c:\tiano\edk2\clover\osxbdsdxe\bootmaint\fileexplorer.c(140) : warning C6011: Dereferencing NULL pointer 'NewMenuEntry'. : Lines: 109, 110, 111, 112, 113, 114, 116, 117, 118, 120, 122, 134, 136, 140
c:\tiano\edk2\clover\osxbdsdxe\bootmaint\fileexplorer.c(187) : warning C6011: Dereferencing NULL pointer 'CallbackData->MenuEntry'. See line 140 for an earlier location where this can occur: Lines: 109, 110, 111, 112, 113, 114, 116, 117, 118, 120, 122, 134, 136, 140, 142, 158, 178, 179, 180, 181, 186, 187
c:\tiano\edk2\mdemodulepkg\universal\ebcdxe\ebcexecute.c(3877) : warning C6297: Arithmetic overflow:  32-bit value is shifted, then cast to 64-bit value.  Results might not be an expected value.
c:\tiano\edk2\clover\pcirootbridgedxe\pcatpcirootbridge.c(262) : warning C6297: Arithmetic overflow:  32-bit value is shifted, then cast to 64-bit value.  Results might not be an expected value.
c:\tiano\edk2\clover\pcirootbridgedxe\pcatpcirootbridge.c(265) : warning C6297: Arithmetic overflow:  32-bit value is shifted, then cast to 64-bit value.  Results might not be an expected value.
c:\tiano\edk2\clover\pcirootbridgedxe\pcatpcirootbridge.c(266) : warning C6297: Arithmetic overflow:  32-bit value is shifted, then cast to 64-bit value.  Results might not be an expected value.
c:\tiano\edk2\clover\pcirootbridgedxe\pcatpcirootbridge.c(280) : warning C6297: Arithmetic overflow:  32-bit value is shifted, then cast to 64-bit value.  Results might not be an expected value.
c:\tiano\edk2\clover\pcirootbridgedxe\pcatpcirootbridge.c(301) : warning C6297: Arithmetic overflow:  32-bit value is shifted, then cast to 64-bit value.  Results might not be an expected value.
c:\tiano\edk2\clover\pcirootbridgedxe\deviceio.c(755) : warning C6297: Arithmetic overflow:  32-bit value is shifted, then cast to 64-bit value.  Results might not be an expected value.
c:\tiano\edk2\clover\pcirootbridgedxe\pcatio.c(189) : warning C6297: Arithmetic overflow:  32-bit value is shifted, then cast to 64-bit value.  Results might not be an expected value.
c:\tiano\edk2\clover\pcirootbridgedxe\pcatio.c(190) : warning C6297: Arithmetic overflow:  32-bit value is shifted, then cast to 64-bit value.  Results might not be an expected value.
c:\tiano\edk2\clover\pcirootbridgedxe\pcatio.c(191) : warning C6297: Arithmetic overflow:  32-bit value is shifted, then cast to 64-bit value.  Results might not be an expected value.
c:\tiano\edk2\clover\pcibusdxe\pcilib.c(615) : warning C6011: Dereferencing NULL pointer 'RootBridgeDev'. : Lines: 381, 382, 383, 384, 385, 386, 387, 388, 389, 390, 391, 392, 393, 394, 395, 396, 397, 398, 399, 400, 401, 402, 403, 404, 405, 406, 407, 408, 413, 418, 422, 423, 424, 425, 426, 428, 429, 431, 600, 601, 605, 615
c:\tiano\edk2\clover\pcibusdxe\pcienumeratorsupport.c(1367) : warning C6385: Reading invalid data from 'PciIoDevice->PciBar':  the readable size is '192' bytes, but 'BarIndex' bytes may be read.: Lines: 1266, 1267, 1268, 1269, 1270, 1271, 1273, 1274, 1276, 1287, 1292, 1304, 1311, 1313, 1315, 1322, 1323, 1328, 1333, 1338, 1339, 1340, 1341, 1346, 1362, 1338, 1378, 1313, 1315, 1322, 1323, 1328, 1333, 1338, 1339, 1340, 1351, 1356, 1357, 1362, 1367
c:\tiano\edk2\clover\pcibusdxe\pcienumeratorsupport.c(1373) : warning C6386: Buffer overrun while writing to 'PciIoDevice->PciBar':  the writable size is '192' bytes, but 'BarIndex' bytes might be written.: Lines: 1266, 1267, 1268, 1269, 1270, 1271, 1273, 1274, 1276, 1287, 1292, 1304, 1311, 1313, 1315, 1322, 1323, 1328, 1333, 1338, 1339, 1340, 1341, 1346, 1362, 1338, 1378, 1313, 1315, 1322, 1323, 1328, 1333, 1338, 1339, 1340, 1351, 1356, 1357, 1362, 1367, 1372, 1373
c:\tiano\edk2\clover\vboxfsdxe\fsw_hfs.c(438) : warning C6297: Arithmetic overflow:  32-bit value is shifted, then cast to 64-bit value.  Results might not be an expected value.
c:\tiano\edk2\clover\vboxfsdxe\fsw_hfs.c(439) : warning C6297: Arithmetic overflow:  32-bit value is shifted, then cast to 64-bit value.  Results might not be an expected value.
c:\tiano\edk2\clover\biosvideo\legacybiosthunk.c(117) : warning C6011: Dereferencing NULL pointer 'IdtArray'. : Lines: 81, 82, 83, 84, 85, 86, 91, 92, 93, 104, 109, 115, 116, 117
c:\tiano\edk2\clover\ataatapi\idemode.c(2815) : warning C6244: Local declaration of 'MasterDeviceType' hides previous declaration at line '33' of 'c:\tiano\edk2\clover\ataatapi\idemode.c'.: Lines: 33
c:\tiano\edk2\clover\ataatapi\idemode.c(2816) : warning C6244: Local declaration of 'SlaveDeviceType' hides previous declaration at line '31' of 'c:\tiano\edk2\clover\ataatapi\idemode.c'.: Lines: 31
c:\tiano\edk2\clover\atabus\atabus.c(622) : warning C6011: Dereferencing NULL pointer 'AtaDevice'. : Lines: 564, 565, 566, 567, 568, 569, 571, 572, 574, 582, 602, 605, 611, 622
c:\tiano\edk2\mdemodulepkg\bus\pci\uhcidxe\uhcisched.c(369) : warning C6011: Dereferencing NULL pointer 'Qh'. : Lines: 363, 364, 365, 369, 375, 376, 382, 391, 369, 375, 376, 382, 383, 384, 382, 391, 369
c:\tiano\edk2\mdemodulepkg\bus\pci\uhcidxe\usbhcmem.c(266) : warning C6011: Dereferencing NULL pointer 'Block'. : Lines: 239, 240, 241, 242, 243, 245, 246, 248, 252, 266
c:\tiano\edk2\mdemodulepkg\bus\pci\ehcidxe\usbhcmem.c(267) : warning C6011: Dereferencing NULL pointer 'Block'. : Lines: 240, 241, 242, 243, 244, 246, 247, 249, 253, 267
c:\tiano\edk2\mdemodulepkg\bus\pci\ehcidxe\ehcisched.c(511) : warning C6011: Dereferencing NULL pointer 'Qh'. : Lines: 507, 508, 509, 511, 517, 518, 524, 525, 526, 524, 533, 511
c:\tiano\edk2\mdemodulepkg\bus\pci\xhcidxe\xhcisched.c(2365) : warning C6386: Buffer overrun while writing to 'InputContext->EP':  the writable size is '992' bytes, but '-32' bytes might be written.: Lines: 2310, 2312, 2313, 2314, 2315, 2316, 2317, 2318, 2319, 2320, 2321, 2322, 2324, 2325, 2326, 2327, 2328, 2332, 2333, 2334, 2335, 2339, 2341, 2342, 2343, 2347, 2349, 2350, 2456, 2342, 2343, 2347, 2349, 2350, 2351, 2355, 2356, 2358, 2360, 2364, 2365
c:\tiano\edk2\mdemodulepkg\bus\pci\xhcidxe\xhcisched.c(2387) : warning C6385: Reading invalid data from 'Xhc->UsbDevContext[SlotId].EndpointTransferRing':  the readable size is '124' bytes, but '-4' bytes may be read.: Lines: 2310, 2312, 2313, 2314, 2315, 2316, 2317, 2318, 2319, 2320, 2321, 2322, 2324, 2325, 2326, 2327, 2328, 2332, 2333, 2334, 2335, 2339, 2341, 2342, 2343, 2347, 2349, 2350, 2456, 2342, 2343, 2347, 2349, 2350, 2351, 2355, 2356, 2358, 2360, 2364, 2365, 2367, 2373, 2376, 2377, 2378, 2382, 2383, 2386, 2387
c:\tiano\edk2\mdemodulepkg\bus\pci\xhcidxe\xhcisched.c(2557) : warning C6386: Buffer overrun while writing to 'InputContext->EP':  the writable size is '1984' bytes, but '-64' bytes might be written.: Lines: 2502, 2504, 2505, 2506, 2507, 2508, 2509, 2510, 2511, 2512, 2513, 2514, 2516, 2517, 2518, 2519, 2520, 2524, 2525, 2526, 2527, 2531, 2533, 2534, 2535, 2539, 2541, 2542, 2648, 2534, 2535, 2539, 2541, 2542, 2543, 2547, 2548, 2550, 2552, 2556, 2557
c:\tiano\edk2\mdemodulepkg\bus\pci\xhcidxe\xhcisched.c(2579) : warning C6385: Reading invalid data from 'Xhc->UsbDevContext[SlotId].EndpointTransferRing':  the readable size is '124' bytes, but '-4' bytes may be read.: Lines: 2502, 2504, 2505, 2506, 2507, 2508, 2509, 2510, 2511, 2512, 2513, 2514, 2516, 2517, 2518, 2519, 2520, 2524, 2525, 2526, 2527, 2531, 2533, 2534, 2535, 2539, 2541, 2542, 2648, 2534, 2535, 2539, 2541, 2542, 2543, 2547, 2548, 2550, 2552, 2556, 2557, 2559, 2565, 2568, 2569, 2570, 2574, 2575, 2578, 2579
c:\tiano\edk2\mdemodulepkg\bus\usb\usbbusdxe\usbenumer.c(350) : warning C6011: Dereferencing NULL pointer 'Setting'. : Lines: 320, 321, 326, 328, 337, 341, 350
c:\tiano\edk2\mdemodulepkg\bus\usb\usbbusdxe\usbenumer.c(409) : warning C6011: Dereferencing NULL pointer 'ConfigDesc'. : Lines: 376, 377, 378, 379, 380, 381, 386, 387, 389, 397, 401, 409
c:\tiano\edk2\mdemodulepkg\bus\usb\usbbusdxe\usbhub.c(796) : warning C6011: Dereferencing NULL pointer 'EpDesc'. : Lines: 693, 694, 695, 696, 697, 698, 699, 700, 701, 706, 707, 708, 709, 710, 712, 723, 728, 730, 735, 745, 746, 747, 749, 762, 766, 767, 773, 781, 795, 796
c:\tiano\edk2\intelframeworkmodulepkg\bus\isa\ps2keyboarddxe\ps2keyboard.c(406) : warning C6011: Dereferencing NULL pointer 'ConsoleIn'. : Lines: 176, 177, 178, 179, 180, 181, 182, 184, 186, 194, 200, 209, 217, 229, 230, 231, 232, 233, 384, 388, 389, 396, 400, 403, 406
c:\tiano\edk2\clover\partitiondxe\apple.c(163) : warning C6237: (<zero> && <expression>) is always zero.  <expression> is never evaluated and might have side effects.
c:\tiano\edk2\clover\bioskeyboard\legacybiosthunk.c(117) : warning C6011: Dereferencing NULL pointer 'IdtArray'. : Lines: 81, 82, 83, 84, 85, 86, 91, 92, 93, 104, 109, 115, 116, 117
c:\tiano\edk2\clover\dumpueficalls\lib.c(673) : warning C6297: Arithmetic overflow:  32-bit value is shifted, then cast to 64-bit value.  Results might not be an expected value.
c:\tiano\edk2\clover\dumpueficalls\lib.c(683) : warning C6297: Arithmetic overflow:  32-bit value is shifted, then cast to 64-bit value.  Results might not be an expected value.
c:\tiano\edk2\clover\osxfatbinarydrv\osxfatbinarydrv.c(237) : warning C6011: Dereferencing NULL pointer 'FileInfo'. : Lines: 100, 101, 102, 103, 104, 105, 106, 107, 108, 109, 110, 112, 113, 114, 115, 116, 117, 119, 120, 125, 126, 127, 129, 134, 142, 145, 146, 148, 150, 152, 157, 158, 165, 166, 173, 179, 206, 209, 215, 216, 217, 218, 231, 237
